# JRE version: Java(TM) SE Runtime Environment (8.0_25-b18) (build 1.8.0_25-b18)
# Java VM: Java HotSpot(TM) 64-Bit Server VM (25.25-b02 mixed mode windows-amd64 compressed oops)
Heap:
 PSYoungGen      total 262656K, used 89936K [0x0000000755580000, 0x0000000766b80000, 0x00000007c0000000)
  eden space 241664K, 28% used [0x0000000755580000,0x000000075994c4f0,0x0000000764180000)
  from space 20992K, 97% used [0x0000000765700000,0x0000000766b07e10,0x0000000766b80000)
  to   space 21504K, 0% used [0x0000000764180000,0x0000000764180000,0x0000000765680000)
 ParOldGen       total 349696K, used 25173K [0x0000000680000000, 0x0000000695580000, 0x0000000755580000)
  object space 349696K, 7% used [0x0000000680000000,0x00000006818955a8,0x0000000695580000)
 Metaspace       used 8614K, capacity 8768K, committed 8960K, reserved 1056768K
  class space    used 878K, capacity 934K, committed 1024K, reserved 1048576K
GC Heap History (8 events):
Event: 1.150 GC heap before
{Heap before GC invocations=1 (full 0):
 PSYoungGen      total 153088K, used 131584K [0x0000000755580000, 0x0000000760000000, 0x00000007c0000000)
  eden space 131584K, 100% used [0x0000000755580000,0x000000075d600000,0x000000075d600000)
  from space 21504K, 0% used [0x000000075eb00000,0x000000075eb00000,0x0000000760000000)
  to   space 21504K, 0% used [0x000000075d600000,0x000000075d600000,0x000000075eb00000)
 ParOldGen       total 349696K, used 0K [0x0000000680000000, 0x0000000695580000, 0x0000000755580000)
  object space 349696K, 0% used [0x0000000680000000,0x0000000680000000,0x0000000695580000)
 Metaspace       used 8156K, capacity 8256K, committed 8320K, reserved 1056768K
  class space    used 842K, capacity 870K, committed 896K, reserved 1048576K
Event: 1.168 GC heap after
Heap after GC invocations=1 (full 0):
 PSYoungGen      total 153088K, used 18797K [0x0000000755580000, 0x0000000768080000, 0x00000007c0000000)
  eden space 131584K, 0% used [0x0000000755580000,0x0000000755580000,0x000000075d600000)
  from space 21504K, 87% used [0x000000075d600000,0x000000075e85b5d0,0x000000075eb00000)
  to   space 21504K, 0% used [0x0000000766b80000,0x0000000766b80000,0x0000000768080000)
 ParOldGen       total 349696K, used 16K [0x0000000680000000, 0x0000000695580000, 0x0000000755580000)
  object space 349696K, 0% used [0x0000000680000000,0x0000000680004000,0x0000000695580000)
 Metaspace       used 8156K, capacity 8256K, committed 8320K, reserved 1056768K
  class space    used 842K, capacity 870K, committed 896K, reserved 1048576K
}
Event: 1375.239 GC heap before
{Heap before GC invocations=2 (full 0):
 PSYoungGen      total 153088K, used 150381K [0x0000000755580000, 0x0000000768080000, 0x00000007c0000000)
  eden space 131584K, 100% used [0x0000000755580000,0x000000075d600000,0x000000075d600000)
  from space 21504K, 87% used [0x000000075d600000,0x000000075e85b5d0,0x000000075eb00000)
  to   space 21504K, 0% used [0x0000000766b80000,0x0000000766b80000,0x0000000768080000)
 ParOldGen       total 349696K, used 16K [0x0000000680000000, 0x0000000695580000, 0x0000000755580000)
  object space 349696K, 0% used [0x0000000680000000,0x0000000680004000,0x0000000695580000)
 Metaspace       used 8532K, capacity 8704K, committed 8960K, reserved 1056768K
  class space    used 877K, capacity 934K, committed 1024K, reserved 1048576K
Event: 1375.262 GC heap after
Heap after GC invocations=2 (full 0):
 PSYoungGen      total 153088K, used 21484K [0x0000000755580000, 0x0000000768080000, 0x00000007c0000000)
  eden space 131584K, 0% used [0x0000000755580000,0x0000000755580000,0x000000075d600000)
  from space 21504K, 99% used [0x0000000766b80000,0x000000076807b220,0x0000000768080000)
  to   space 21504K, 0% used [0x000000075d600000,0x000000075d600000,0x000000075eb00000)
 ParOldGen       total 349696K, used 6169K [0x0000000680000000, 0x0000000695580000, 0x0000000755580000)
  object space 349696K, 1% used [0x0000000680000000,0x00000006806065a0,0x0000000695580000)
 Metaspace       used 8532K, capacity 8704K, committed 8960K, reserved 1056768K
  class space    used 877K, capacity 934K, committed 1024K, reserved 1048576K
}
Event: 1459.094 GC heap before
{Heap before GC invocations=3 (full 0):
 PSYoungGen      total 153088K, used 153068K [0x0000000755580000, 0x0000000768080000, 0x00000007c0000000)
  eden space 131584K, 100% used [0x0000000755580000,0x000000075d600000,0x000000075d600000)
  from space 21504K, 99% used [0x0000000766b80000,0x000000076807b220,0x0000000768080000)
  to   space 21504K, 0% used [0x000000075d600000,0x000000075d600000,0x000000075eb00000)
 ParOldGen       total 349696K, used 6169K [0x0000000680000000, 0x0000000695580000, 0x0000000755580000)
  object space 349696K, 1% used [0x0000000680000000,0x00000006806065a0,0x0000000695580000)
 Metaspace       used 8532K, capacity 8704K, committed 8960K, reserved 1056768K
  class space    used 877K, capacity 934K, committed 1024K, reserved 1048576K
Event: 1459.110 GC heap after
Heap after GC invocations=3 (full 0):
 PSYoungGen      total 153088K, used 21480K [0x0000000755580000, 0x0000000766c00000, 0x00000007c0000000)
  eden space 131584K, 0% used [0x0000000755580000,0x0000000755580000,0x000000075d600000)
  from space 21504K, 99% used [0x000000075d600000,0x000000075eafa1e8,0x000000075eb00000)
  to   space 21504K, 0% used [0x0000000765700000,0x0000000765700000,0x0000000766c00000)
 ParOldGen       total 349696K, used 14986K [0x0000000680000000, 0x0000000695580000, 0x0000000755580000)
  object space 349696K, 4% used [0x0000000680000000,0x0000000680ea2af8,0x0000000695580000)
 Metaspace       used 8532K, capacity 8704K, committed 8960K, reserved 1056768K
  class space    used 877K, capacity 934K, committed 1024K, reserved 1048576K
}
Event: 1480.381 GC heap before
{Heap before GC invocations=4 (full 0):
 PSYoungGen      total 153088K, used 153064K [0x0000000755580000, 0x0000000766c00000, 0x00000007c0000000)
  eden space 131584K, 100% used [0x0000000755580000,0x000000075d600000,0x000000075d600000)
  from space 21504K, 99% used [0x000000075d600000,0x000000075eafa1e8,0x000000075eb00000)
  to   space 21504K, 0% used [0x0000000765700000,0x0000000765700000,0x0000000766c00000)
 ParOldGen       total 349696K, used 14986K [0x0000000680000000, 0x0000000695580000, 0x0000000755580000)
  object space 349696K, 4% used [0x0000000680000000,0x0000000680ea2af8,0x0000000695580000)
 Metaspace       used 8573K, capacity 8704K, committed 8960K, reserved 1056768K
  class space    used 877K, capacity 934K, committed 1024K, reserved 1048576K
Event: 1480.405 GC heap after
Heap after GC invocations=4 (full 0):
 PSYoungGen      total 262656K, used 20511K [0x0000000755580000, 0x0000000766b80000, 0x00000007c0000000)
  eden space 241664K, 0% used [0x0000000755580000,0x0000000755580000,0x0000000764180000)
  from space 20992K, 97% used [0x0000000765700000,0x0000000766b07e10,0x0000000766b80000)
  to   space 21504K, 0% used [0x0000000764180000,0x0000000764180000,0x0000000765680000)
 ParOldGen       total 349696K, used 25173K [0x0000000680000000, 0x0000000695580000, 0x0000000755580000)
  object space 349696K, 7% used [0x0000000680000000,0x00000006818955a8,0x0000000695580000)
 Metaspace       used 8573K, capacity 8704K, committed 8960K, reserved 1056768K
  class space    used 877K, capacity 934K, committed 1024K, reserved 1048576K
}

